<?xml version="1.0" encoding="UTF-8"?>
<!-- Generated by org.testng.reporters.JUnitReportReporter -->
<testsuite hostname="NASIB" failures="0" tests="3" name="com.crm.qa.testcases.LoginPageTest" time="31.421" errors="0" timestamp="2022-12-16T11:12:27 EST" skipped="0">
  <testcase classname="com.crm.qa.testcases.LoginPageTest" name="LoginPageTitleTest" time="11.625"/>
  <system-out/>
  <testcase classname="com.crm.qa.testcases.LoginPageTest" name="CRMLogoTest" time="9.780"/>
  <system-out/>
  <testcase classname="com.crm.qa.testcases.LoginPageTest" name="loginTest" time="10.016"/>
  <system-out/>
</testsuite> <!-- com.crm.qa.testcases.LoginPageTest -->
